<?xml version="1.0" encoding="UTF-8"?>
<!-- Generated by org.testng.reporters.JUnitReportReporter -->
<testsuite hostname="Sitha-AsusROG" failures="0" tests="3" name="tests.ProductApiTest" time="4.446" errors="0" timestamp="2026-05-01T23:24:34 ICT" skipped="0">
  <testcase classname="tests.ProductApiTest" name="getAllProductsShouldReturnSuccess" time="2.426"/>
  <testcase classname="tests.ProductApiTest" name="getSingleProductShouldReturnCorrectData" time="0.944"/>
  <testcase classname="tests.ProductApiTest" name="validateProductJsonSchema" time="1.076"/>
</testsuite> <!-- tests.ProductApiTest -->
