<?xml version="1.0" encoding="UTF-8"?>
<testng-results ignored="0" total="3" passed="3" failed="0" skipped="0">
  <reporter-output>
  </reporter-output>
  <suite started-at="2026-05-01T23:24:29 ICT" name="Surefire suite" finished-at="2026-05-01T23:24:34 ICT" duration-ms="4723">
    <groups>
    </groups>
    <test started-at="2026-05-01T23:24:29 ICT" name="Surefire test" finished-at="2026-05-01T23:24:34 ICT" duration-ms="4723">
      <class name="tests.ProductApiTest">
        <test-method is-config="true" signature="setup()[pri:0, instance:tests.ProductApiTest@4b5a5ed1]" started-at="2026-05-01T23:24:29 ICT" name="setup" finished-at="2026-05-01T23:24:29 ICT" duration-ms="252" status="PASS">
          <reporter-output>
          </reporter-output>
        </test-method> <!-- setup -->
        <test-method signature="getAllProductsShouldReturnSuccess()[pri:0, instance:tests.ProductApiTest@4b5a5ed1]" started-at="2026-05-01T23:24:29 ICT" name="getAllProductsShouldReturnSuccess" finished-at="2026-05-01T23:24:32 ICT" duration-ms="2426" status="PASS">
          <reporter-output>
          </reporter-output>
        </test-method> <!-- getAllProductsShouldReturnSuccess -->
        <test-method signature="getSingleProductShouldReturnCorrectData()[pri:0, instance:tests.ProductApiTest@4b5a5ed1]" started-at="2026-05-01T23:24:32 ICT" name="getSingleProductShouldReturnCorrectData" finished-at="2026-05-01T23:24:32 ICT" duration-ms="944" status="PASS">
          <reporter-output>
          </reporter-output>
        </test-method> <!-- getSingleProductShouldReturnCorrectData -->
        <test-method signature="validateProductJsonSchema()[pri:0, instance:tests.ProductApiTest@4b5a5ed1]" started-at="2026-05-01T23:24:32 ICT" name="validateProductJsonSchema" finished-at="2026-05-01T23:24:34 ICT" duration-ms="1076" status="PASS">
          <reporter-output>
          </reporter-output>
        </test-method> <!-- validateProductJsonSchema -->
      </class> <!-- tests.ProductApiTest -->
    </test> <!-- Surefire test -->
  </suite> <!-- Surefire suite -->
</testng-results>
